2019-07-08T11:04:30.491Z - normal: Load ~/.CocosCreator/settings.json
2019-07-08T11:04:30.531Z - normal: Initializing Asset Database
2019-07-08T11:04:30.534Z - normal: checking language setting...
2019-07-08T11:04:30.534Z - normal: Language: zh
2019-07-08T11:04:31.027Z - success: preview server running at http://localhost:7456
2019-07-08T11:04:31.064Z - success: protocol editor-framework registered
2019-07-08T11:04:31.064Z - success: protocol app registered
2019-07-08T11:04:31.064Z - success: protocol theme registered
2019-07-08T11:04:31.064Z - success: protocol packages registered
2019-07-08T11:04:31.064Z - success: protocol uuid registerred
2019-07-08T11:04:31.064Z - success: protocol db registerred
2019-07-08T11:04:31.064Z - success: protocol thumbnail registerred
2019-07-08T11:04:31.064Z - success: protocol unpack registerred
2019-07-08T11:04:31.065Z - success: protocol disable-commonjs registerred
2019-07-08T11:04:31.342Z - normal: connected!
2019-07-08T11:04:31.343Z - normal: Check project /Users/huangchenglin/code/cocos/CocosProjectTemplate
2019-07-08T11:04:31.345Z - normal: Initializing project /Users/huangchenglin/code/cocos/CocosProjectTemplate
2019-07-08T11:04:31.608Z - normal: Initializing Cocos2d
2019-07-08T11:04:32.210Z - normal: Initializing engine extends
2019-07-08T11:04:32.238Z - success: asset-db-debugger loaded
2019-07-08T11:04:32.239Z - success: baidu-adapter loaded
2019-07-08T11:04:32.240Z - success: color-picker loaded
2019-07-08T11:04:32.301Z - success: fb-audience-network loaded
2019-07-08T11:04:32.338Z - success: fb-live-stream loaded
2019-07-08T11:04:32.341Z - success: google-play-instant loaded
2019-07-08T11:04:32.345Z - success: huawei-runtime loaded
2019-07-08T11:04:32.520Z - success: cpk-publish loaded
2019-07-08T11:04:32.521Z - success: jsb-adapter loaded
2019-07-08T11:04:32.526Z - success: oppo-runtime loaded
2019-07-08T11:04:32.542Z - success: package-manager loaded
2019-07-08T11:04:32.626Z - success: qqplay-adapter loaded
2019-07-08T11:04:32.628Z - success: runtime-dev-tools loaded
2019-07-08T11:04:32.644Z - success: sdkbox loaded
2019-07-08T11:04:32.656Z - success: tester loaded
2019-07-08T11:04:32.669Z - success: ui-grid loaded
2019-07-08T11:04:32.681Z - success: ui-kit-preview-extra loaded
2019-07-08T11:04:32.694Z - success: ui-kit-preview loaded
2019-07-08T11:04:32.706Z - success: ui-kit loaded
2019-07-08T11:04:32.718Z - success: ui-tree loaded
2019-07-08T11:04:32.722Z - success: vivo-runtime loaded
2019-07-08T11:04:32.723Z - success: weapp-adapter loaded
2019-07-08T11:04:32.724Z - success: xiaomi-adapter loaded
2019-07-08T11:04:32.766Z - success: assets loaded
2019-07-08T11:04:32.778Z - success: builder loaded
2019-07-08T11:04:32.965Z - success: cocos-services loaded
2019-07-08T11:04:32.979Z - success: console loaded
2019-07-08T11:04:33.003Z - success: fb-instant-games loaded
2019-07-08T11:04:33.010Z - success: google-instant-games loaded
2019-07-08T11:04:33.022Z - success: hierarchy loaded
2019-07-08T11:04:33.033Z - success: inspector loaded
2019-07-08T11:04:33.034Z - success: keystore loaded
2019-07-08T11:04:33.048Z - success: node-library loaded
2019-07-08T11:04:33.050Z - success: package-asset loaded
2019-07-08T11:04:33.051Z - success: preferences loaded
2019-07-08T11:04:33.062Z - success: project-exporter loaded
2019-07-08T11:04:33.076Z - success: project-importer loaded
2019-07-08T11:04:33.087Z - success: project-settings loaded
2019-07-08T11:04:33.100Z - success: scene loaded
2019-07-08T11:04:33.101Z - success: simulator-debugger loaded
2019-07-08T11:04:33.102Z - success: sprite-editor loaded
2019-07-08T11:04:33.114Z - success: store loaded
2019-07-08T11:04:33.128Z - success: timeline loaded
2019-07-08T11:04:33.133Z - success: xiaomi-runtime loaded
2019-07-08T11:04:35.218Z - normal: Loading packages
2019-07-08T11:04:35.223Z - normal: Watching packages
2019-07-08T11:04:35.296Z - normal: Run Application
2019-07-08T11:04:35.402Z - info: Cocos Services load base data!
2019-07-08T11:05:00.920Z - info: shutdown preview server
